<?xml version="1.0" encoding="UTF-8"?>
<!-- Generated by org.testng.reporters.JUnitReportReporter -->
<testsuite hostname="DESKTOP-4ST0B1N" name="common.LoginCredentials" tests="2" failures="0" timestamp="28 Nov 2018 09:31:30 GMT" time="116.629" errors="0">
  <testcase name="login" time="58.390" classname="common.LoginCredentials"/>
  <testcase name="login" time="58.239" classname="common.LoginCredentials"/>
</testsuite> <!-- common.LoginCredentials -->
