<?xml version="1.0" encoding="UTF-8"?>
<!-- Generated by org.testng.reporters.JUnitReportReporter -->
<testsuite hostname="DESKTOP-4ST0B1N" name="zagg.login.tests.LoginTests" tests="2" failures="0" timestamp="28 Nov 2018 09:44:13 GMT" time="2.123" errors="0">
  <testcase name="login" time="1.162" classname="zagg.login.tests.LoginTests"/>
  <testcase name="login" time="0.961" classname="zagg.login.tests.LoginTests"/>
</testsuite> <!-- zagg.login.tests.LoginTests -->
